10:54:01.559 >> lock acquired, begin callSingle: ../../common-services/pretests/fileStoreUpload.feature@uploadFileToFilestore
10:54:04.363 << lock released, cached callSingle: ../../common-services/pretests/fileStoreUpload.feature@uploadFileToFilestore
10:54:04.371 >> lock acquired, begin callSingle: ../../common-services/pretests/authenticationToken.feature@authTokenCitizen
10:54:04.778 << lock released, cached callSingle: ../../common-services/pretests/authenticationToken.feature@authTokenCitizen
10:54:04.779 >> lock acquired, begin callSingle: ../../common-services/pretests/authenticationToken.feature@authTokenOfAltCitizen
10:54:05.124 << lock released, cached callSingle: ../../common-services/pretests/authenticationToken.feature@authTokenOfAltCitizen
10:54:05.125 >> lock acquired, begin callSingle: ../../common-services/pretests/authenticationToken.feature@authTokenCitizenArchitect
10:54:05.472 << lock released, cached callSingle: ../../common-services/pretests/authenticationToken.feature@authTokenCitizenArchitect
10:54:05.474 >> lock acquired, begin callSingle: ../../common-services/pretests/fileStoreUpload.feature@uploadFileToFilestore1
10:54:06.070 << lock released, cached callSingle: ../../common-services/pretests/fileStoreUpload.feature@uploadFileToFilestore1
10:54:06.072 >> lock acquired, begin callSingle: ../../common-services/pretests/fileStoreUpload.feature@uploadFileToFilestore2
10:54:06.582 << lock released, cached callSingle: ../../common-services/pretests/fileStoreUpload.feature@uploadFileToFilestore2
10:54:06.583 >> lock acquired, begin callSingle: ../../common-services/pretests/fileStoreUpload.feature@uploadFileToFilestore3
10:54:07.096 << lock released, cached callSingle: ../../common-services/pretests/fileStoreUpload.feature@uploadFileToFilestore3
10:54:07.098 >> lock acquired, begin callSingle: ../../common-services/pretests/fileStoreUpload.feature@uploadFileToFilestore4
10:54:07.632 << lock released, cached callSingle: ../../common-services/pretests/fileStoreUpload.feature@uploadFileToFilestore4
10:54:07.633 >> lock acquired, begin callSingle: ../../common-services/pretests/fileStoreUpload.feature@uploadFileToFilestore5
10:54:08.126 << lock released, cached callSingle: ../../common-services/pretests/fileStoreUpload.feature@uploadFileToFilestore5
10:54:08.128 >> lock acquired, begin callSingle: ../../common-services/pretests/authenticationToken.feature@authTokenApprover
10:54:08.543 << lock released, cached callSingle: ../../common-services/pretests/authenticationToken.feature@authTokenApprover
10:54:08.544 >> lock acquired, begin callSingle: ../../common-services/pretests/authenticationToken.feature@authTokenSuperuser
10:54:08.963 << lock released, cached callSingle: ../../common-services/pretests/authenticationToken.feature@authTokenSuperuser
10:54:08.965 >> lock acquired, begin callSingle: ../../common-services/pretests/egovMdmsPretest.feature@searchMdmsSuccessfullyByCity
10:54:09.394 << lock released, cached callSingle: ../../common-services/pretests/egovMdmsPretest.feature@searchMdmsSuccessfullyByCity
10:54:09.398 >> lock acquired, begin callSingle: ../../common-services/pretests/egovMdmsPretest.feature@searchMdmsSuccessfullyByState
10:54:09.912 << lock released, cached callSingle: ../../common-services/pretests/egovMdmsPretest.feature@searchMdmsSuccessfullyByState
10:54:09.927 karate.env:  
10:54:09.933 locale: en_IN 
10:54:09.934 tenantId: pb.amritsar 
