15:07:32.536 >> lock acquired, begin callSingle: ../../common-services/pretests/fileStoreUpload.feature@uploadFileToFilestore
15:07:34.185 << lock released, cached callSingle: ../../common-services/pretests/fileStoreUpload.feature@uploadFileToFilestore
15:07:34.190 >> lock acquired, begin callSingle: ../../common-services/pretests/authenticationToken.feature@authTokenCitizen
15:07:34.545 << lock released, cached callSingle: ../../common-services/pretests/authenticationToken.feature@authTokenCitizen
15:07:34.547 >> lock acquired, begin callSingle: ../../common-services/pretests/authenticationToken.feature@authTokenOfAltCitizen
15:07:34.829 << lock released, cached callSingle: ../../common-services/pretests/authenticationToken.feature@authTokenOfAltCitizen
15:07:34.831 >> lock acquired, begin callSingle: ../../common-services/pretests/authenticationToken.feature@authTokenCitizenArchitect
15:07:35.159 << lock released, cached callSingle: ../../common-services/pretests/authenticationToken.feature@authTokenCitizenArchitect
15:07:35.160 >> lock acquired, begin callSingle: ../../common-services/pretests/fileStoreUpload.feature@uploadFileToFilestore1
15:07:35.599 << lock released, cached callSingle: ../../common-services/pretests/fileStoreUpload.feature@uploadFileToFilestore1
15:07:35.601 >> lock acquired, begin callSingle: ../../common-services/pretests/fileStoreUpload.feature@uploadFileToFilestore2
15:07:36.145 << lock released, cached callSingle: ../../common-services/pretests/fileStoreUpload.feature@uploadFileToFilestore2
15:07:36.146 >> lock acquired, begin callSingle: ../../common-services/pretests/fileStoreUpload.feature@uploadFileToFilestore3
15:07:36.569 << lock released, cached callSingle: ../../common-services/pretests/fileStoreUpload.feature@uploadFileToFilestore3
15:07:36.574 >> lock acquired, begin callSingle: ../../common-services/pretests/fileStoreUpload.feature@uploadFileToFilestore4
15:07:36.998 << lock released, cached callSingle: ../../common-services/pretests/fileStoreUpload.feature@uploadFileToFilestore4
15:07:36.999 >> lock acquired, begin callSingle: ../../common-services/pretests/fileStoreUpload.feature@uploadFileToFilestore5
15:07:37.388 << lock released, cached callSingle: ../../common-services/pretests/fileStoreUpload.feature@uploadFileToFilestore5
15:07:37.390 >> lock acquired, begin callSingle: ../../common-services/pretests/authenticationToken.feature@authTokenApprover
15:07:37.793 << lock released, cached callSingle: ../../common-services/pretests/authenticationToken.feature@authTokenApprover
15:07:37.794 >> lock acquired, begin callSingle: ../../common-services/pretests/authenticationToken.feature@authTokenSuperuser
15:07:38.195 << lock released, cached callSingle: ../../common-services/pretests/authenticationToken.feature@authTokenSuperuser
15:07:38.197 >> lock acquired, begin callSingle: ../../common-services/pretests/egovMdmsPretest.feature@searchMdmsSuccessfullyByCity
15:07:38.659 << lock released, cached callSingle: ../../common-services/pretests/egovMdmsPretest.feature@searchMdmsSuccessfullyByCity
15:07:38.661 >> lock acquired, begin callSingle: ../../common-services/pretests/egovMdmsPretest.feature@searchMdmsSuccessfullyByState
15:07:39.191 << lock released, cached callSingle: ../../common-services/pretests/egovMdmsPretest.feature@searchMdmsSuccessfullyByState
15:07:39.204 karate.env:  
15:07:39.205 locale: en_IN 
15:07:39.207 tenantId: pb.amritsar 
15:07:53.022 karate.env:  
15:07:53.023 locale: en_IN 
15:07:53.023 tenantId: pb.amritsar 
15:08:05.238 karate.env:  
15:08:05.239 locale: en_IN 
15:08:05.240 tenantId: pb.amritsar 
15:08:16.089 karate.env:  
15:08:16.090 locale: en_IN 
15:08:16.090 tenantId: pb.amritsar 
15:08:27.451 karate.env:  
15:08:27.452 locale: en_IN 
15:08:27.453 tenantId: pb.amritsar 
15:08:38.362 karate.env:  
15:08:38.363 locale: en_IN 
15:08:38.363 tenantId: pb.amritsar 
15:08:49.395 karate.env:  
15:08:49.396 locale: en_IN 
15:08:49.397 tenantId: pb.amritsar 
15:09:00.184 karate.env:  
15:09:00.185 locale: en_IN 
15:09:00.185 tenantId: pb.amritsar 
15:09:10.804 karate.env:  
15:09:10.805 locale: en_IN 
15:09:10.805 tenantId: pb.amritsar 
15:09:21.639 karate.env:  
15:09:21.639 locale: en_IN 
15:09:21.640 tenantId: pb.amritsar 
15:09:32.995 karate.env:  
15:09:32.996 locale: en_IN 
15:09:32.997 tenantId: pb.amritsar 
15:09:43.592 karate.env:  
15:09:43.593 locale: en_IN 
15:09:43.593 tenantId: pb.amritsar 
15:09:54.135 karate.env:  
15:09:54.135 locale: en_IN 
15:09:54.136 tenantId: pb.amritsar 
15:10:04.789 karate.env:  
15:10:04.790 locale: en_IN 
15:10:04.790 tenantId: pb.amritsar 
15:10:16.156 karate.env:  
15:10:16.156 locale: en_IN 
15:10:16.156 tenantId: pb.amritsar 
15:10:26.679 karate.env:  
15:10:26.679 locale: en_IN 
15:10:26.679 tenantId: pb.amritsar 
15:10:37.314 karate.env:  
15:10:37.315 locale: en_IN 
15:10:37.315 tenantId: pb.amritsar 
15:10:52.314 karate.env:  
15:10:52.315 locale: en_IN 
15:10:52.315 tenantId: pb.amritsar 
15:11:03.402 karate.env:  
15:11:03.403 locale: en_IN 
15:11:03.403 tenantId: pb.amritsar 
15:11:13.910 karate.env:  
15:11:13.910 locale: en_IN 
15:11:13.911 tenantId: pb.amritsar 
15:11:24.603 karate.env:  
15:11:24.604 locale: en_IN 
15:11:24.604 tenantId: pb.amritsar 
15:11:35.081 karate.env:  
15:11:35.081 locale: en_IN 
15:11:35.081 tenantId: pb.amritsar 
15:11:46.179 karate.env:  
15:11:46.180 locale: en_IN 
15:11:46.180 tenantId: pb.amritsar 
15:11:56.910 karate.env:  
15:11:56.913 locale: en_IN 
15:11:56.913 tenantId: pb.amritsar 
15:12:07.363 karate.env:  
15:12:07.363 locale: en_IN 
15:12:07.363 tenantId: pb.amritsar 
15:12:19.237 karate.env:  
15:12:19.237 locale: en_IN 
15:12:19.237 tenantId: pb.amritsar 
15:12:30.474 karate.env:  
15:12:30.474 locale: en_IN 
15:12:30.475 tenantId: pb.amritsar 
15:12:40.999 karate.env:  
15:12:41.000 locale: en_IN 
15:12:41.000 tenantId: pb.amritsar 
15:12:51.573 karate.env:  
15:12:51.573 locale: en_IN 
15:12:51.574 tenantId: pb.amritsar 
15:13:02.166 karate.env:  
15:13:02.166 locale: en_IN 
15:13:02.167 tenantId: pb.amritsar 
15:13:12.671 karate.env:  
15:13:12.672 locale: en_IN 
15:13:12.672 tenantId: pb.amritsar 
15:13:23.566 karate.env:  
15:13:23.566 locale: en_IN 
15:13:23.567 tenantId: pb.amritsar 
15:13:34.529 karate.env:  
15:13:34.529 locale: en_IN 
15:13:34.530 tenantId: pb.amritsar 
15:13:45.034 karate.env:  
15:13:45.034 locale: en_IN 
15:13:45.035 tenantId: pb.amritsar 
15:13:55.807 karate.env:  
15:13:55.807 locale: en_IN 
15:13:55.808 tenantId: pb.amritsar 
15:14:06.326 karate.env:  
15:14:06.326 locale: en_IN 
15:14:06.327 tenantId: pb.amritsar 
