15:07:30.033 [main] INFO  com.intuit.karate.Runner - waiting for parallel features to complete ...
15:07:32.532 [ForkJoinPool-1-worker-1] INFO  com.intuit.karate - >> lock acquired, begin callSingle: ../../common-services/pretests/fileStoreUpload.feature@uploadFileToFilestore
15:07:32.569 [ForkJoinPool-1-worker-1] INFO  com.intuit.karate - scenario called at line: 5 by tag: @uploadFileToFilestore
15:07:32.645 [ForkJoinPool-1-worker-1] INFO  com.intuit.karate - scenario called at line: 22 by tag: @uploadDocumentsSuccessfully
15:07:34.185 [ForkJoinPool-1-worker-1] INFO  com.intuit.karate - << lock released, cached callSingle: ../../common-services/pretests/fileStoreUpload.feature@uploadFileToFilestore
15:07:34.190 [ForkJoinPool-1-worker-1] INFO  com.intuit.karate - >> lock acquired, begin callSingle: ../../common-services/pretests/authenticationToken.feature@authTokenCitizen
15:07:34.205 [ForkJoinPool-1-worker-1] INFO  com.intuit.karate - scenario called at line: 27 by tag: @authTokenCitizen
15:07:34.545 [ForkJoinPool-1-worker-1] INFO  com.intuit.karate - << lock released, cached callSingle: ../../common-services/pretests/authenticationToken.feature@authTokenCitizen
15:07:34.546 [ForkJoinPool-1-worker-1] INFO  com.intuit.karate - >> lock acquired, begin callSingle: ../../common-services/pretests/authenticationToken.feature@authTokenOfAltCitizen
15:07:34.560 [ForkJoinPool-1-worker-1] INFO  com.intuit.karate - scenario called at line: 45 by tag: @authTokenOfAltCitizen
15:07:34.829 [ForkJoinPool-1-worker-1] INFO  com.intuit.karate - << lock released, cached callSingle: ../../common-services/pretests/authenticationToken.feature@authTokenOfAltCitizen
15:07:34.831 [ForkJoinPool-1-worker-1] INFO  com.intuit.karate - >> lock acquired, begin callSingle: ../../common-services/pretests/authenticationToken.feature@authTokenCitizenArchitect
15:07:34.843 [ForkJoinPool-1-worker-1] INFO  com.intuit.karate - scenario called at line: 172 by tag: @authTokenCitizenArchitect
15:07:35.158 [ForkJoinPool-1-worker-1] INFO  com.intuit.karate - << lock released, cached callSingle: ../../common-services/pretests/authenticationToken.feature@authTokenCitizenArchitect
15:07:35.160 [ForkJoinPool-1-worker-1] INFO  com.intuit.karate - >> lock acquired, begin callSingle: ../../common-services/pretests/fileStoreUpload.feature@uploadFileToFilestore1
15:07:35.167 [ForkJoinPool-1-worker-1] INFO  com.intuit.karate - scenario called at line: 13 by tag: @uploadFileToFilestore1
15:07:35.194 [ForkJoinPool-1-worker-1] INFO  com.intuit.karate - scenario called at line: 22 by tag: @uploadDocumentsSuccessfully
15:07:35.596 [ForkJoinPool-1-worker-1] INFO  com.intuit.karate - << lock released, cached callSingle: ../../common-services/pretests/fileStoreUpload.feature@uploadFileToFilestore1
15:07:35.601 [ForkJoinPool-1-worker-1] INFO  com.intuit.karate - >> lock acquired, begin callSingle: ../../common-services/pretests/fileStoreUpload.feature@uploadFileToFilestore2
15:07:35.616 [ForkJoinPool-1-worker-1] INFO  com.intuit.karate - scenario called at line: 21 by tag: @uploadFileToFilestore2
15:07:35.638 [ForkJoinPool-1-worker-1] INFO  com.intuit.karate - scenario called at line: 22 by tag: @uploadDocumentsSuccessfully
15:07:36.144 [ForkJoinPool-1-worker-1] INFO  com.intuit.karate - << lock released, cached callSingle: ../../common-services/pretests/fileStoreUpload.feature@uploadFileToFilestore2
15:07:36.146 [ForkJoinPool-1-worker-1] INFO  com.intuit.karate - >> lock acquired, begin callSingle: ../../common-services/pretests/fileStoreUpload.feature@uploadFileToFilestore3
15:07:36.153 [ForkJoinPool-1-worker-1] INFO  com.intuit.karate - scenario called at line: 29 by tag: @uploadFileToFilestore3
15:07:36.169 [ForkJoinPool-1-worker-1] INFO  com.intuit.karate - scenario called at line: 22 by tag: @uploadDocumentsSuccessfully
15:07:36.566 [ForkJoinPool-1-worker-1] INFO  com.intuit.karate - << lock released, cached callSingle: ../../common-services/pretests/fileStoreUpload.feature@uploadFileToFilestore3
15:07:36.570 [ForkJoinPool-1-worker-1] INFO  com.intuit.karate - >> lock acquired, begin callSingle: ../../common-services/pretests/fileStoreUpload.feature@uploadFileToFilestore4
15:07:36.582 [ForkJoinPool-1-worker-1] INFO  com.intuit.karate - scenario called at line: 37 by tag: @uploadFileToFilestore4
15:07:36.607 [ForkJoinPool-1-worker-1] INFO  com.intuit.karate - scenario called at line: 22 by tag: @uploadDocumentsSuccessfully
15:07:36.997 [ForkJoinPool-1-worker-1] INFO  com.intuit.karate - << lock released, cached callSingle: ../../common-services/pretests/fileStoreUpload.feature@uploadFileToFilestore4
15:07:36.999 [ForkJoinPool-1-worker-1] INFO  com.intuit.karate - >> lock acquired, begin callSingle: ../../common-services/pretests/fileStoreUpload.feature@uploadFileToFilestore5
15:07:37.007 [ForkJoinPool-1-worker-1] INFO  com.intuit.karate - scenario called at line: 45 by tag: @uploadFileToFilestore5
15:07:37.022 [ForkJoinPool-1-worker-1] INFO  com.intuit.karate - scenario called at line: 22 by tag: @uploadDocumentsSuccessfully
15:07:37.387 [ForkJoinPool-1-worker-1] INFO  com.intuit.karate - << lock released, cached callSingle: ../../common-services/pretests/fileStoreUpload.feature@uploadFileToFilestore5
15:07:37.390 [ForkJoinPool-1-worker-1] INFO  com.intuit.karate - >> lock acquired, begin callSingle: ../../common-services/pretests/authenticationToken.feature@authTokenApprover
15:07:37.414 [ForkJoinPool-1-worker-1] INFO  com.intuit.karate - scenario called at line: 62 by tag: @authTokenApprover
15:07:37.792 [ForkJoinPool-1-worker-1] INFO  com.intuit.karate - << lock released, cached callSingle: ../../common-services/pretests/authenticationToken.feature@authTokenApprover
15:07:37.794 [ForkJoinPool-1-worker-1] INFO  com.intuit.karate - >> lock acquired, begin callSingle: ../../common-services/pretests/authenticationToken.feature@authTokenSuperuser
15:07:37.809 [ForkJoinPool-1-worker-1] INFO  com.intuit.karate - scenario called at line: 9 by tag: @authTokenSuperuser
15:07:38.195 [ForkJoinPool-1-worker-1] INFO  com.intuit.karate - << lock released, cached callSingle: ../../common-services/pretests/authenticationToken.feature@authTokenSuperuser
15:07:38.197 [ForkJoinPool-1-worker-1] INFO  com.intuit.karate - >> lock acquired, begin callSingle: ../../common-services/pretests/egovMdmsPretest.feature@searchMdmsSuccessfullyByCity
15:07:38.200 [ForkJoinPool-1-worker-1] INFO  com.intuit.karate - scenario called at line: 20 by tag: @searchMdmsSuccessfullyByCity
15:07:38.659 [ForkJoinPool-1-worker-1] INFO  com.intuit.karate - << lock released, cached callSingle: ../../common-services/pretests/egovMdmsPretest.feature@searchMdmsSuccessfullyByCity
15:07:38.661 [ForkJoinPool-1-worker-1] INFO  com.intuit.karate - >> lock acquired, begin callSingle: ../../common-services/pretests/egovMdmsPretest.feature@searchMdmsSuccessfullyByState
15:07:38.664 [ForkJoinPool-1-worker-1] INFO  com.intuit.karate - scenario called at line: 10 by tag: @searchMdmsSuccessfullyByState
15:07:39.190 [ForkJoinPool-1-worker-1] INFO  com.intuit.karate - << lock released, cached callSingle: ../../common-services/pretests/egovMdmsPretest.feature@searchMdmsSuccessfullyByState
15:07:39.202 [ForkJoinPool-1-worker-1] INFO  com.intuit.karate - karate.env:  
15:07:39.204 [ForkJoinPool-1-worker-1] INFO  com.intuit.karate - locale: en_IN 
15:07:39.205 [ForkJoinPool-1-worker-1] INFO  com.intuit.karate - tenantId: pb.amritsar 
15:07:49.593 [ForkJoinPool-1-worker-1] INFO  com.intuit.karate - scenario called at line: 15 by tag: @ingestPTSuccessfully
15:07:53.022 [ForkJoinPool-1-worker-1] INFO  com.intuit.karate - karate.env:  
15:07:53.023 [ForkJoinPool-1-worker-1] INFO  com.intuit.karate - locale: en_IN 
15:07:53.023 [ForkJoinPool-1-worker-1] INFO  com.intuit.karate - tenantId: pb.amritsar 
15:08:03.444 [ForkJoinPool-1-worker-1] INFO  com.intuit.karate - scenario called at line: 15 by tag: @ingestPTSuccessfully
15:08:04.629 [ForkJoinPool-1-worker-1] INFO  com.intuit.karate - scenario called at line: 25 by tag: @ingestPTError
15:08:05.237 [ForkJoinPool-1-worker-1] INFO  com.intuit.karate - karate.env:  
15:08:05.238 [ForkJoinPool-1-worker-1] INFO  com.intuit.karate - locale: en_IN 
15:08:05.239 [ForkJoinPool-1-worker-1] INFO  com.intuit.karate - tenantId: pb.amritsar 
15:08:15.437 [ForkJoinPool-1-worker-1] INFO  com.intuit.karate - scenario called at line: 25 by tag: @ingestPTError
15:08:16.089 [ForkJoinPool-1-worker-1] INFO  com.intuit.karate - karate.env:  
15:08:16.089 [ForkJoinPool-1-worker-1] INFO  com.intuit.karate - locale: en_IN 
15:08:16.090 [ForkJoinPool-1-worker-1] INFO  com.intuit.karate - tenantId: pb.amritsar 
15:08:26.296 [ForkJoinPool-1-worker-1] INFO  com.intuit.karate - scenario called at line: 25 by tag: @ingestPTError
15:08:27.450 [ForkJoinPool-1-worker-1] INFO  com.intuit.karate - karate.env:  
15:08:27.451 [ForkJoinPool-1-worker-1] INFO  com.intuit.karate - locale: en_IN 
15:08:27.452 [ForkJoinPool-1-worker-1] INFO  com.intuit.karate - tenantId: pb.amritsar 
15:08:37.599 [ForkJoinPool-1-worker-1] INFO  com.intuit.karate - scenario called at line: 74 by tag: @ingestFirenocSuccessfully
15:08:38.362 [ForkJoinPool-1-worker-1] INFO  com.intuit.karate - karate.env:  
15:08:38.362 [ForkJoinPool-1-worker-1] INFO  com.intuit.karate - locale: en_IN 
15:08:38.363 [ForkJoinPool-1-worker-1] INFO  com.intuit.karate - tenantId: pb.amritsar 
15:08:48.504 [ForkJoinPool-1-worker-1] INFO  com.intuit.karate - scenario called at line: 74 by tag: @ingestFirenocSuccessfully
15:08:48.917 [ForkJoinPool-1-worker-1] INFO  com.intuit.karate - scenario called at line: 85 by tag: @ingestFirenocError
15:08:49.395 [ForkJoinPool-1-worker-1] INFO  com.intuit.karate - karate.env:  
15:08:49.396 [ForkJoinPool-1-worker-1] INFO  com.intuit.karate - locale: en_IN 
15:08:49.397 [ForkJoinPool-1-worker-1] INFO  com.intuit.karate - tenantId: pb.amritsar 
15:08:59.586 [ForkJoinPool-1-worker-1] INFO  com.intuit.karate - scenario called at line: 85 by tag: @ingestFirenocError
15:09:00.181 [ForkJoinPool-1-worker-1] INFO  com.intuit.karate - karate.env:  
15:09:00.184 [ForkJoinPool-1-worker-1] INFO  com.intuit.karate - locale: en_IN 
15:09:00.185 [ForkJoinPool-1-worker-1] INFO  com.intuit.karate - tenantId: pb.amritsar 
15:09:10.300 [ForkJoinPool-1-worker-1] INFO  com.intuit.karate - scenario called at line: 85 by tag: @ingestFirenocError
15:09:10.804 [ForkJoinPool-1-worker-1] INFO  com.intuit.karate - karate.env:  
15:09:10.805 [ForkJoinPool-1-worker-1] INFO  com.intuit.karate - locale: en_IN 
15:09:10.805 [ForkJoinPool-1-worker-1] INFO  com.intuit.karate - tenantId: pb.amritsar 
15:09:20.914 [ForkJoinPool-1-worker-1] INFO  com.intuit.karate - scenario called at line: 114 by tag: @ingestmCollectSuccessfully
15:09:21.639 [ForkJoinPool-1-worker-1] INFO  com.intuit.karate - karate.env:  
15:09:21.639 [ForkJoinPool-1-worker-1] INFO  com.intuit.karate - locale: en_IN 
15:09:21.640 [ForkJoinPool-1-worker-1] INFO  com.intuit.karate - tenantId: pb.amritsar 
15:09:31.744 [ForkJoinPool-1-worker-1] INFO  com.intuit.karate - scenario called at line: 114 by tag: @ingestmCollectSuccessfully
15:09:32.482 [ForkJoinPool-1-worker-1] INFO  com.intuit.karate - scenario called at line: 125 by tag: @ingestmCollectError
15:09:32.995 [ForkJoinPool-1-worker-1] INFO  com.intuit.karate - karate.env:  
15:09:32.996 [ForkJoinPool-1-worker-1] INFO  com.intuit.karate - locale: en_IN 
15:09:32.997 [ForkJoinPool-1-worker-1] INFO  com.intuit.karate - tenantId: pb.amritsar 
15:09:43.090 [ForkJoinPool-1-worker-1] INFO  com.intuit.karate - scenario called at line: 125 by tag: @ingestmCollectError
15:09:43.591 [ForkJoinPool-1-worker-1] INFO  com.intuit.karate - karate.env:  
15:09:43.592 [ForkJoinPool-1-worker-1] INFO  com.intuit.karate - locale: en_IN 
15:09:43.593 [ForkJoinPool-1-worker-1] INFO  com.intuit.karate - tenantId: pb.amritsar 
15:09:53.705 [ForkJoinPool-1-worker-1] INFO  com.intuit.karate - scenario called at line: 125 by tag: @ingestmCollectError
15:09:54.135 [ForkJoinPool-1-worker-1] INFO  com.intuit.karate - karate.env:  
15:09:54.135 [ForkJoinPool-1-worker-1] INFO  com.intuit.karate - locale: en_IN 
15:09:54.136 [ForkJoinPool-1-worker-1] INFO  com.intuit.karate - tenantId: pb.amritsar 
15:10:04.218 [ForkJoinPool-1-worker-1] INFO  com.intuit.karate - scenario called at line: 94 by tag: @ingestWSSuccessfully
15:10:04.789 [ForkJoinPool-1-worker-1] INFO  com.intuit.karate - karate.env:  
15:10:04.790 [ForkJoinPool-1-worker-1] INFO  com.intuit.karate - locale: en_IN 
15:10:04.790 [ForkJoinPool-1-worker-1] INFO  com.intuit.karate - tenantId: pb.amritsar 
15:10:14.884 [ForkJoinPool-1-worker-1] INFO  com.intuit.karate - scenario called at line: 94 by tag: @ingestWSSuccessfully
15:10:15.491 [ForkJoinPool-1-worker-1] INFO  com.intuit.karate - scenario called at line: 105 by tag: @ingestWSError
15:10:16.155 [ForkJoinPool-1-worker-1] INFO  com.intuit.karate - karate.env:  
15:10:16.156 [ForkJoinPool-1-worker-1] INFO  com.intuit.karate - locale: en_IN 
15:10:16.156 [ForkJoinPool-1-worker-1] INFO  com.intuit.karate - tenantId: pb.amritsar 
15:10:26.243 [ForkJoinPool-1-worker-1] INFO  com.intuit.karate - scenario called at line: 105 by tag: @ingestWSError
15:10:26.678 [ForkJoinPool-1-worker-1] INFO  com.intuit.karate - karate.env:  
15:10:26.679 [ForkJoinPool-1-worker-1] INFO  com.intuit.karate - locale: en_IN 
15:10:26.679 [ForkJoinPool-1-worker-1] INFO  com.intuit.karate - tenantId: pb.amritsar 
15:10:36.791 [ForkJoinPool-1-worker-1] INFO  com.intuit.karate - scenario called at line: 105 by tag: @ingestWSError
15:10:37.313 [ForkJoinPool-1-worker-1] INFO  com.intuit.karate - karate.env:  
15:10:37.314 [ForkJoinPool-1-worker-1] INFO  com.intuit.karate - locale: en_IN 
15:10:37.315 [ForkJoinPool-1-worker-1] INFO  com.intuit.karate - tenantId: pb.amritsar 
15:10:47.414 [ForkJoinPool-1-worker-1] INFO  com.intuit.karate - scenario called at line: 54 by tag: @ingestPGRSuccessfully
15:10:52.314 [ForkJoinPool-1-worker-1] INFO  com.intuit.karate - karate.env:  
15:10:52.315 [ForkJoinPool-1-worker-1] INFO  com.intuit.karate - locale: en_IN 
15:10:52.315 [ForkJoinPool-1-worker-1] INFO  com.intuit.karate - tenantId: pb.amritsar 
15:11:02.409 [ForkJoinPool-1-worker-1] INFO  com.intuit.karate - scenario called at line: 54 by tag: @ingestPGRSuccessfully
15:11:02.873 [ForkJoinPool-1-worker-1] INFO  com.intuit.karate - scenario called at line: 65 by tag: @ingestPGRError
15:11:03.402 [ForkJoinPool-1-worker-1] INFO  com.intuit.karate - karate.env:  
15:11:03.402 [ForkJoinPool-1-worker-1] INFO  com.intuit.karate - locale: en_IN 
15:11:03.403 [ForkJoinPool-1-worker-1] INFO  com.intuit.karate - tenantId: pb.amritsar 
15:11:13.509 [ForkJoinPool-1-worker-1] INFO  com.intuit.karate - scenario called at line: 65 by tag: @ingestPGRError
15:11:13.910 [ForkJoinPool-1-worker-1] INFO  com.intuit.karate - karate.env:  
15:11:13.910 [ForkJoinPool-1-worker-1] INFO  com.intuit.karate - locale: en_IN 
15:11:13.911 [ForkJoinPool-1-worker-1] INFO  com.intuit.karate - tenantId: pb.amritsar 
15:11:24.005 [ForkJoinPool-1-worker-1] INFO  com.intuit.karate - scenario called at line: 65 by tag: @ingestPGRError
15:11:24.603 [ForkJoinPool-1-worker-1] INFO  com.intuit.karate - karate.env:  
15:11:24.604 [ForkJoinPool-1-worker-1] INFO  com.intuit.karate - locale: en_IN 
15:11:24.604 [ForkJoinPool-1-worker-1] INFO  com.intuit.karate - tenantId: pb.amritsar 
15:11:34.682 [ForkJoinPool-1-worker-1] INFO  com.intuit.karate - scenario called at line: 34 by tag: @ingestTLSuccessfully
15:11:35.080 [ForkJoinPool-1-worker-1] INFO  com.intuit.karate - karate.env:  
15:11:35.081 [ForkJoinPool-1-worker-1] INFO  com.intuit.karate - locale: en_IN 
15:11:35.081 [ForkJoinPool-1-worker-1] INFO  com.intuit.karate - tenantId: pb.amritsar 
15:11:45.190 [ForkJoinPool-1-worker-1] INFO  com.intuit.karate - scenario called at line: 34 by tag: @ingestTLSuccessfully
15:11:45.591 [ForkJoinPool-1-worker-1] INFO  com.intuit.karate - scenario called at line: 45 by tag: @ingestTLError
15:11:46.178 [ForkJoinPool-1-worker-1] INFO  com.intuit.karate - karate.env:  
15:11:46.179 [ForkJoinPool-1-worker-1] INFO  com.intuit.karate - locale: en_IN 
15:11:46.180 [ForkJoinPool-1-worker-1] INFO  com.intuit.karate - tenantId: pb.amritsar 
15:11:56.389 [ForkJoinPool-1-worker-1] INFO  com.intuit.karate - scenario called at line: 45 by tag: @ingestTLError
15:11:56.910 [ForkJoinPool-1-worker-1] INFO  com.intuit.karate - karate.env:  
15:11:56.912 [ForkJoinPool-1-worker-1] INFO  com.intuit.karate - locale: en_IN 
15:11:56.913 [ForkJoinPool-1-worker-1] INFO  com.intuit.karate - tenantId: pb.amritsar 
15:12:06.990 [ForkJoinPool-1-worker-1] INFO  com.intuit.karate - scenario called at line: 45 by tag: @ingestTLError
15:12:07.362 [ForkJoinPool-1-worker-1] INFO  com.intuit.karate - karate.env:  
15:12:07.363 [ForkJoinPool-1-worker-1] INFO  com.intuit.karate - locale: en_IN 
15:12:07.363 [ForkJoinPool-1-worker-1] INFO  com.intuit.karate - tenantId: pb.amritsar 
15:12:17.448 [ForkJoinPool-1-worker-1] INFO  com.intuit.karate - scenario called at line: 134 by tag: @ingestOBPSSuccessfully
15:12:19.236 [ForkJoinPool-1-worker-1] INFO  com.intuit.karate - karate.env:  
15:12:19.237 [ForkJoinPool-1-worker-1] INFO  com.intuit.karate - locale: en_IN 
15:12:19.237 [ForkJoinPool-1-worker-1] INFO  com.intuit.karate - tenantId: pb.amritsar 
15:12:29.324 [ForkJoinPool-1-worker-1] INFO  com.intuit.karate - scenario called at line: 134 by tag: @ingestOBPSSuccessfully
15:12:29.917 [ForkJoinPool-1-worker-1] INFO  com.intuit.karate - scenario called at line: 145 by tag: @ingestOBPSError
15:12:30.474 [ForkJoinPool-1-worker-1] INFO  com.intuit.karate - karate.env:  
15:12:30.474 [ForkJoinPool-1-worker-1] INFO  com.intuit.karate - locale: en_IN 
15:12:30.475 [ForkJoinPool-1-worker-1] INFO  com.intuit.karate - tenantId: pb.amritsar 
15:12:40.552 [ForkJoinPool-1-worker-1] INFO  com.intuit.karate - scenario called at line: 145 by tag: @ingestOBPSError
15:12:40.999 [ForkJoinPool-1-worker-1] INFO  com.intuit.karate - karate.env:  
15:12:41.000 [ForkJoinPool-1-worker-1] INFO  com.intuit.karate - locale: en_IN 
15:12:41.000 [ForkJoinPool-1-worker-1] INFO  com.intuit.karate - tenantId: pb.amritsar 
15:12:51.067 [ForkJoinPool-1-worker-1] INFO  com.intuit.karate - scenario called at line: 145 by tag: @ingestOBPSError
15:12:51.573 [ForkJoinPool-1-worker-1] INFO  com.intuit.karate - karate.env:  
15:12:51.573 [ForkJoinPool-1-worker-1] INFO  com.intuit.karate - locale: en_IN 
15:12:51.574 [ForkJoinPool-1-worker-1] INFO  com.intuit.karate - tenantId: pb.amritsar 
15:13:01.647 [ForkJoinPool-1-worker-1] INFO  com.intuit.karate - scenario called at line: 154 by tag: @ingestCommonSuccessfully
15:13:02.166 [ForkJoinPool-1-worker-1] INFO  com.intuit.karate - karate.env:  
15:13:02.166 [ForkJoinPool-1-worker-1] INFO  com.intuit.karate - locale: en_IN 
15:13:02.167 [ForkJoinPool-1-worker-1] INFO  com.intuit.karate - tenantId: pb.amritsar 
15:13:12.266 [ForkJoinPool-1-worker-1] INFO  com.intuit.karate - scenario called at line: 154 by tag: @ingestCommonSuccessfully
15:13:12.671 [ForkJoinPool-1-worker-1] INFO  com.intuit.karate - karate.env:  
15:13:12.672 [ForkJoinPool-1-worker-1] INFO  com.intuit.karate - locale: en_IN 
15:13:12.672 [ForkJoinPool-1-worker-1] INFO  com.intuit.karate - tenantId: pb.amritsar 
15:13:22.764 [ForkJoinPool-1-worker-1] INFO  com.intuit.karate - scenario called at line: 154 by tag: @ingestCommonSuccessfully
15:13:23.163 [ForkJoinPool-1-worker-1] INFO  com.intuit.karate - scenario called at line: 165 by tag: @ingestCommonError
15:13:23.566 [ForkJoinPool-1-worker-1] INFO  com.intuit.karate - karate.env:  
15:13:23.566 [ForkJoinPool-1-worker-1] INFO  com.intuit.karate - locale: en_IN 
15:13:23.567 [ForkJoinPool-1-worker-1] INFO  com.intuit.karate - tenantId: pb.amritsar 
15:13:33.671 [ForkJoinPool-1-worker-1] INFO  com.intuit.karate - scenario called at line: 154 by tag: @ingestCommonSuccessfully
15:13:34.096 [ForkJoinPool-1-worker-1] INFO  com.intuit.karate - scenario called at line: 165 by tag: @ingestCommonError
15:13:34.529 [ForkJoinPool-1-worker-1] INFO  com.intuit.karate - karate.env:  
15:13:34.529 [ForkJoinPool-1-worker-1] INFO  com.intuit.karate - locale: en_IN 
15:13:34.529 [ForkJoinPool-1-worker-1] INFO  com.intuit.karate - tenantId: pb.amritsar 
15:13:44.652 [ForkJoinPool-1-worker-1] INFO  com.intuit.karate - scenario called at line: 165 by tag: @ingestCommonError
15:13:45.034 [ForkJoinPool-1-worker-1] INFO  com.intuit.karate - karate.env:  
15:13:45.034 [ForkJoinPool-1-worker-1] INFO  com.intuit.karate - locale: en_IN 
15:13:45.035 [ForkJoinPool-1-worker-1] INFO  com.intuit.karate - tenantId: pb.amritsar 
15:13:55.105 [ForkJoinPool-1-worker-1] INFO  com.intuit.karate - scenario called at line: 165 by tag: @ingestCommonError
15:13:55.807 [ForkJoinPool-1-worker-1] INFO  com.intuit.karate - karate.env:  
15:13:55.807 [ForkJoinPool-1-worker-1] INFO  com.intuit.karate - locale: en_IN 
15:13:55.808 [ForkJoinPool-1-worker-1] INFO  com.intuit.karate - tenantId: pb.amritsar 
15:14:05.898 [ForkJoinPool-1-worker-1] INFO  com.intuit.karate - scenario called at line: 165 by tag: @ingestCommonError
15:14:06.326 [ForkJoinPool-1-worker-1] INFO  com.intuit.karate - karate.env:  
15:14:06.326 [ForkJoinPool-1-worker-1] INFO  com.intuit.karate - locale: en_IN 
15:14:06.327 [ForkJoinPool-1-worker-1] INFO  com.intuit.karate - tenantId: pb.amritsar 
15:14:16.396 [ForkJoinPool-1-worker-1] INFO  com.intuit.karate - scenario called at line: 165 by tag: @ingestCommonError
15:14:17.940 [pool-1-thread-1] INFO  com.intuit.karate.Runner - <<pass>> feature 168 of 176: classpath:com/egov/core-services/tests/nationalDashboardIngest.feature
15:14:20.236 [main] INFO  com.intuit.karate.Runner - waiting for parallel features to complete ...
15:14:21.812 [main] INFO  com.intuit.karate.Runner - waiting for parallel features to complete ...
15:14:22.029 [ForkJoinPool-3-worker-1] INFO  com.intuit.karate - karate.env:  
15:14:22.029 [ForkJoinPool-3-worker-1] INFO  com.intuit.karate - locale: en_IN 
15:14:22.029 [ForkJoinPool-3-worker-1] INFO  com.intuit.karate - tenantId: pb.amritsar 
15:14:22.055 [ForkJoinPool-3-worker-1] INFO  com.intuit.karate - scenario called at line: 10 by tag: @searchLocationSuccessfully
15:14:22.534 [ForkJoinPool-3-worker-1] INFO  com.intuit.karate - scenario called at line: 16 by tag: @createPropertySuccessfully
15:14:23.636 [ForkJoinPool-3-worker-1] INFO  com.intuit.karate - karate.env:  
15:14:23.636 [ForkJoinPool-3-worker-1] INFO  com.intuit.karate - locale: en_IN 
15:14:23.637 [ForkJoinPool-3-worker-1] INFO  com.intuit.karate - tenantId: pb.amritsar 
15:14:23.659 [ForkJoinPool-3-worker-1] INFO  com.intuit.karate - scenario called at line: 10 by tag: @searchLocationSuccessfully
15:14:24.265 [ForkJoinPool-3-worker-1] INFO  com.intuit.karate - scenario called at line: 482 by tag: @searchByPTDetailsError
15:14:24.768 [ForkJoinPool-3-worker-1] INFO  com.intuit.karate - karate.env:  
15:14:24.768 [ForkJoinPool-3-worker-1] INFO  com.intuit.karate - locale: en_IN 
15:14:24.769 [ForkJoinPool-3-worker-1] INFO  com.intuit.karate - tenantId: pb.amritsar 
15:14:24.793 [ForkJoinPool-3-worker-1] INFO  com.intuit.karate - scenario called at line: 10 by tag: @searchLocationSuccessfully
15:14:25.176 [ForkJoinPool-3-worker-1] INFO  com.intuit.karate - scenario called at line: 85 by tag: @searchPropertyForEmptyResult
15:14:25.501 [pool-3-thread-1] INFO  com.intuit.karate.Runner - <<pass>> feature 100 of 176: classpath:com/egov/municipal-services/tests/PropertyService.feature
